Started at Tue Sep 21 17:41:22 IST 2021
deleting obsolete C:\Users\hp\.jenkins\fingerprints\06\96\97f8893e72001f6fe081cd6f4a7d.xml
deleting obsolete C:\Users\hp\.jenkins\fingerprints\0c\18\5d1c47102045581f69e672659f6d.xml
deleting obsolete C:\Users\hp\.jenkins\fingerprints\12\92\7bfd657ccc3745660f1c6f748665.xml
deleting obsolete C:\Users\hp\.jenkins\fingerprints\1d\5a\772e400b04bb67a7ef4a0e0996d8.xml
deleting obsolete C:\Users\hp\.jenkins\fingerprints\2d\c9\0e7daa292087242c9ccde5019be5.xml
deleting obsolete C:\Users\hp\.jenkins\fingerprints\30\88\5522678e56bcd4a6569c4280f2b7.xml
deleting obsolete C:\Users\hp\.jenkins\fingerprints\43\07\af322d715a602115c73808373628.xml
deleting obsolete C:\Users\hp\.jenkins\fingerprints\45\dc\4650fe3a118fc0016597faefdd6b.xml
deleting obsolete C:\Users\hp\.jenkins\fingerprints\46\7c\2a1f64319c99b5faf03fc78572af.xml
deleting obsolete C:\Users\hp\.jenkins\fingerprints\48\73\982991d54d745f0d94a1daab7694.xml
deleting obsolete C:\Users\hp\.jenkins\fingerprints\49\ae\3204bb0bb9b2ac77062641f4a6d7.xml
deleting obsolete C:\Users\hp\.jenkins\fingerprints\4e\70\e79bdd0e2d113e64cfed3a1e733d.xml
deleting obsolete C:\Users\hp\.jenkins\fingerprints\50\55\2e69ce8115d80b9a31ec93c87bc3.xml
deleting obsolete C:\Users\hp\.jenkins\fingerprints\51\e0\e479708e8ed83d3b211b6d3b8ce2.xml
deleting obsolete C:\Users\hp\.jenkins\fingerprints\62\ed\7dfe1544e6672d392af51cd90239.xml
deleting obsolete C:\Users\hp\.jenkins\fingerprints\77\4d\4f190c8872856f0f163e9f44a91a.xml
deleting obsolete C:\Users\hp\.jenkins\fingerprints\7d\28\7494ec24f1b1b51bf274ec17ed6d.xml
deleting obsolete C:\Users\hp\.jenkins\fingerprints\7f\c1\21527ff2f764c0d8335858cf4913.xml
deleting obsolete C:\Users\hp\.jenkins\fingerprints\80\ad\b5b301ed840a4b6db97abc02a8b0.xml
deleting obsolete C:\Users\hp\.jenkins\fingerprints\8b\b8\fa2edfd60d5c7ed6bf9923d14aa8.xml
deleting obsolete C:\Users\hp\.jenkins\fingerprints\8c\02\36e54e32978531eea3a62d67160a.xml
deleting obsolete C:\Users\hp\.jenkins\fingerprints\91\a5\a227f2728bc1b2096332330da7fb.xml
deleting obsolete C:\Users\hp\.jenkins\fingerprints\95\33\1521f065a2b0b91525d4a38ca204.xml
deleting obsolete C:\Users\hp\.jenkins\fingerprints\97\50\4b36cf871722d81a4b9e114f2a16.xml
deleting obsolete C:\Users\hp\.jenkins\fingerprints\9d\42\e46845c874f1710a9f6a741f6c14.xml
deleting obsolete C:\Users\hp\.jenkins\fingerprints\a8\e5\97a21ea6a9bc661d038b52b01b93.xml
deleting obsolete C:\Users\hp\.jenkins\fingerprints\ae\44\7128b0a0625524178873c6b9aa12.xml
deleting obsolete C:\Users\hp\.jenkins\fingerprints\b1\20\a070afe0383a8f41ba5f8f148a89.xml
deleting obsolete C:\Users\hp\.jenkins\fingerprints\b6\fb\2610dacd211a3e2c3d8af1b60d0f.xml
deleting obsolete C:\Users\hp\.jenkins\fingerprints\bd\9a\7e3857e9bd5c83770e869335fd63.xml
deleting obsolete C:\Users\hp\.jenkins\fingerprints\c1\f2\3b7115a9650a53c145562696bf7d.xml
deleting obsolete C:\Users\hp\.jenkins\fingerprints\ca\d7\77f9cb3c94fcfcd01282e4e1aa16.xml
deleting obsolete C:\Users\hp\.jenkins\fingerprints\cb\b1\cec300ca98eea3c855cf395d4951.xml
deleting obsolete C:\Users\hp\.jenkins\fingerprints\e3\c2\a885ed37b79da20f591362a84b34.xml
deleting obsolete C:\Users\hp\.jenkins\fingerprints\e6\be\01c4a7a34eee5a20909025e9f04c.xml
Cleaned up 35 records
Finished at Tue Sep 21 17:41:22 IST 2021. 865ms
