Started at Tue Sep 21 15:45:18 IST 2021
Processing java project
Offering java project to Project Build Discarder
Processing Login_Testcase
Offering Login_Testcase to Project Build Discarder
Finished at Tue Sep 21 15:45:18 IST 2021. 125ms
Started at Tue Sep 21 16:45:18 IST 2021
Processing java project
Offering java project to Project Build Discarder
Processing Login_Testcase
Offering Login_Testcase to Project Build Discarder
Finished at Tue Sep 21 16:45:18 IST 2021. 7ms
Started at Tue Sep 21 17:45:18 IST 2021
Processing java project
Offering java project to Project Build Discarder
Processing Login_Testcase
Offering Login_Testcase to Project Build Discarder
Finished at Tue Sep 21 17:45:18 IST 2021. 0ms
Started at Tue Sep 21 21:04:45 IST 2021
Processing java project
Offering java project to Project Build Discarder
Processing Login_Testcase
Offering Login_Testcase to Project Build Discarder
Finished at Tue Sep 21 21:04:45 IST 2021. 0ms
Started at Tue Sep 21 21:45:18 IST 2021
Processing java project
Offering java project to Project Build Discarder
Processing Login_Testcase
Offering Login_Testcase to Project Build Discarder
Finished at Tue Sep 21 21:45:18 IST 2021. 2ms
